DEBUG:urllib3.connectionpool:Starting new HTTPS connection (1): www.indexmundi.com:443
DEBUG:urllib3.connectionpool:https://www.indexmundi.com:443 "GET /commodities/?commodity=aluminum HTTP/1.1" 200 58162
DEBUG:urllib3.connectionpool:Starting new HTTPS connection (1): www.indexmundi.com:443
DEBUG:urllib3.connectionpool:https://www.indexmundi.com:443 "GET /commodities/?commodity=copper HTTP/1.1" 200 58509
DEBUG:urllib3.connectionpool:Starting new HTTPS connection (1): www.indexmundi.com:443
DEBUG:urllib3.connectionpool:https://www.indexmundi.com:443 "GET /commodities/?commodity=gold HTTP/1.1" 200 57289
DEBUG:urllib3.connectionpool:Starting new HTTPS connection (1): www.indexmundi.com:443
DEBUG:urllib3.connectionpool:https://www.indexmundi.com:443 "GET /commodities/?commodity=iron-ore HTTP/1.1" 200 57052
DEBUG:urllib3.connectionpool:Starting new HTTPS connection (1): www.indexmundi.com:443
DEBUG:urllib3.connectionpool:https://www.indexmundi.com:443 "GET /commodities/?commodity=lead HTTP/1.1" 200 58013
DEBUG:urllib3.connectionpool:Starting new HTTPS connection (1): www.indexmundi.com:443
DEBUG:urllib3.connectionpool:https://www.indexmundi.com:443 "GET /commodities/?commodity=nickel HTTP/1.1" 200 56808
DEBUG:urllib3.connectionpool:Starting new HTTPS connection (1): www.indexmundi.com:443
DEBUG:urllib3.connectionpool:https://www.indexmundi.com:443 "GET /commodities/?commodity=silver HTTP/1.1" 200 57411
DEBUG:urllib3.connectionpool:Starting new HTTPS connection (1): www.indexmundi.com:443
DEBUG:urllib3.connectionpool:https://www.indexmundi.com:443 "GET /commodities/?commodity=tin HTTP/1.1" 200 56714
DEBUG:urllib3.connectionpool:Starting new HTTPS connection (1): www.indexmundi.com:443
DEBUG:urllib3.connectionpool:https://www.indexmundi.com:443 "GET /commodities/?commodity=zinc HTTP/1.1" 200 58124
DEBUG:urllib3.connectionpool:Starting new HTTPS connection (1): www.indexmundi.com:443
DEBUG:urllib3.connectionpool:https://www.indexmundi.com:443 "GET /commodities/?commodity=agricultural-raw-materials-price-index HTTP/1.1" 200 48661
DEBUG:urllib3.connectionpool:Starting new HTTPS connection (1): www.indexmundi.com:443
DEBUG:urllib3.connectionpool:https://www.indexmundi.com:443 "GET /commodities/?commodity=beverage-price-index HTTP/1.1" 200 48189
DEBUG:urllib3.connectionpool:Starting new HTTPS connection (1): www.indexmundi.com:443
DEBUG:urllib3.connectionpool:https://www.indexmundi.com:443 "GET /commodities/?commodity=commodity-price-index HTTP/1.1" 200 47958
DEBUG:urllib3.connectionpool:Starting new HTTPS connection (1): www.indexmundi.com:443
DEBUG:urllib3.connectionpool:https://www.indexmundi.com:443 "GET /commodities/?commodity=energy-price-index HTTP/1.1" 200 48197
DEBUG:urllib3.connectionpool:Starting new HTTPS connection (1): www.indexmundi.com:443
DEBUG:urllib3.connectionpool:https://www.indexmundi.com:443 "GET /commodities/?commodity=food-and-beverage-price-index HTTP/1.1" 200 48047
DEBUG:urllib3.connectionpool:Starting new HTTPS connection (1): www.indexmundi.com:443
DEBUG:urllib3.connectionpool:https://www.indexmundi.com:443 "GET /commodities/?commodity=food-price-index HTTP/1.1" 200 48293
DEBUG:urllib3.connectionpool:Starting new HTTPS connection (1): www.indexmundi.com:443
DEBUG:urllib3.connectionpool:https://www.indexmundi.com:443 "GET /commodities/?commodity=industrial-inputs-price-index HTTP/1.1" 200 48181
DEBUG:urllib3.connectionpool:Starting new HTTPS connection (1): www.indexmundi.com:443
DEBUG:urllib3.connectionpool:https://www.indexmundi.com:443 "GET /commodities/?commodity=metals-price-index HTTP/1.1" 200 48331
DEBUG:urllib3.connectionpool:Starting new HTTPS connection (1): www.indexmundi.com:443
DEBUG:urllib3.connectionpool:https://www.indexmundi.com:443 "GET /commodities/?commodity=non-fuel-price-index HTTP/1.1" 200 48348
DEBUG:urllib3.connectionpool:Starting new HTTPS connection (1): www.indexmundi.com:443
DEBUG:urllib3.connectionpool:https://www.indexmundi.com:443 "GET /commodities/?commodity=petroleum-price-index HTTP/1.1" 200 47972
DEBUG:urllib3.connectionpool:Starting new HTTPS connection (1): www.indexmundi.com:443
DEBUG:urllib3.connectionpool:https://www.indexmundi.com:443 "GET /commodities/?commodity=cbot-denatured-fuel-ethanol HTTP/1.1" 200 41432
ERROR:root:20:14:12 Error scraping data for cbot-denatured-fuel-ethanol: 'NoneType' object has no attribute 'find_all'
DEBUG:urllib3.connectionpool:Starting new HTTPS connection (1): www.indexmundi.com:443
DEBUG:urllib3.connectionpool:https://www.indexmundi.com:443 "GET /commodities/?commodity=central-appalachian-coal HTTP/1.1" 200 42747
ERROR:root:20:14:15 Error scraping data for central-appalachian-coal: 'NoneType' object has no attribute 'find_all'
DEBUG:urllib3.connectionpool:Starting new HTTPS connection (1): www.indexmundi.com:443
DEBUG:urllib3.connectionpool:https://www.indexmundi.com:443 "GET /commodities/?commodity=coal-australian HTTP/1.1" 200 57492
DEBUG:urllib3.connectionpool:Starting new HTTPS connection (1): www.indexmundi.com:443
DEBUG:urllib3.connectionpool:https://www.indexmundi.com:443 "GET /commodities/?commodity=coal-south-african HTTP/1.1" 200 57620
DEBUG:urllib3.connectionpool:Starting new HTTPS connection (1): www.indexmundi.com:443
DEBUG:urllib3.connectionpool:https://www.indexmundi.com:443 "GET /commodities/?commodity=colombian-coal HTTP/1.1" 200 53335
ERROR:root:20:14:27 Error scraping data for colombian-coal: 'NoneType' object has no attribute 'find_all'
DEBUG:urllib3.connectionpool:Starting new HTTPS connection (1): www.indexmundi.com:443
DEBUG:urllib3.connectionpool:https://www.indexmundi.com:443 "GET /commodities/?commodity=crude-oil HTTP/1.1" 200 57066
DEBUG:urllib3.connectionpool:Starting new HTTPS connection (1): www.indexmundi.com:443
DEBUG:urllib3.connectionpool:https://www.indexmundi.com:443 "GET /commodities/?commodity=crude-oil-brent HTTP/1.1" 200 57542
DEBUG:urllib3.connectionpool:Starting new HTTPS connection (1): www.indexmundi.com:443
DEBUG:urllib3.connectionpool:https://www.indexmundi.com:443 "GET /commodities/?commodity=crude-oil-dubai HTTP/1.1" 200 57333
DEBUG:urllib3.connectionpool:Starting new HTTPS connection (1): www.indexmundi.com:443
DEBUG:urllib3.connectionpool:https://www.indexmundi.com:443 "GET /commodities/?commodity=crude-oil-west-texas-intermediate HTTP/1.1" 200 59280
DEBUG:urllib3.connectionpool:Starting new HTTPS connection (1): www.indexmundi.com:443
DEBUG:urllib3.connectionpool:https://www.indexmundi.com:443 "GET /commodities/?commodity=diesel HTTP/1.1" 200 56966
DEBUG:urllib3.connectionpool:Starting new HTTPS connection (1): www.indexmundi.com:443
DEBUG:urllib3.connectionpool:https://www.indexmundi.com:443 "GET /commodities/?commodity=gasoline HTTP/1.1" 200 56296
DEBUG:urllib3.connectionpool:Starting new HTTPS connection (1): www.indexmundi.com:443
DEBUG:urllib3.connectionpool:https://www.indexmundi.com:443 "GET /commodities/?commodity=gulf-coast-sour-crude-oil HTTP/1.1" 200 42767
ERROR:root:20:14:54 Error scraping data for gulf-coast-sour-crude-oil: 'NoneType' object has no attribute 'find_all'
DEBUG:urllib3.connectionpool:Starting new HTTPS connection (1): www.indexmundi.com:443
DEBUG:urllib3.connectionpool:https://www.indexmundi.com:443 "GET /commodities/?commodity=gulf-coast-ultra-low-sulfur-diesel HTTP/1.1" 200 41488
ERROR:root:20:14:58 Error scraping data for gulf-coast-ultra-low-sulfur-diesel: 'NoneType' object has no attribute 'find_all'
DEBUG:urllib3.connectionpool:Starting new HTTPS connection (1): www.indexmundi.com:443
DEBUG:urllib3.connectionpool:https://www.indexmundi.com:443 "GET /commodities/?commodity=heating-oil HTTP/1.1" 200 56338
DEBUG:urllib3.connectionpool:Starting new HTTPS connection (1): www.indexmundi.com:443
DEBUG:urllib3.connectionpool:https://www.indexmundi.com:443 "GET /commodities/?commodity=indonesian-liquified-natural-gas HTTP/1.1" 200 57588
DEBUG:urllib3.connectionpool:Starting new HTTPS connection (1): www.indexmundi.com:443
DEBUG:urllib3.connectionpool:https://www.indexmundi.com:443 "GET /commodities/?commodity=jet-fuel HTTP/1.1" 200 56284
DEBUG:urllib3.connectionpool:Starting new HTTPS connection (1): www.indexmundi.com:443
DEBUG:urllib3.connectionpool:https://www.indexmundi.com:443 "GET /commodities/?commodity=natural-gas HTTP/1.1" 200 58493
DEBUG:urllib3.connectionpool:Starting new HTTPS connection (1): www.indexmundi.com:443
DEBUG:urllib3.connectionpool:https://www.indexmundi.com:443 "GET /commodities/?commodity=new-york-harbor-ethanol HTTP/1.1" 200 41385
ERROR:root:20:15:15 Error scraping data for new-york-harbor-ethanol: 'NoneType' object has no attribute 'find_all'
DEBUG:urllib3.connectionpool:Starting new HTTPS connection (1): www.indexmundi.com:443
DEBUG:urllib3.connectionpool:https://www.indexmundi.com:443 "GET /commodities/?commodity=propane HTTP/1.1" 200 56229
DEBUG:urllib3.connectionpool:Starting new HTTPS connection (1): www.indexmundi.com:443
DEBUG:urllib3.connectionpool:https://www.indexmundi.com:443 "GET /commodities/?commodity=rbob-gasoline HTTP/1.1" 200 57757
DEBUG:urllib3.connectionpool:Starting new HTTPS connection (1): www.indexmundi.com:443
DEBUG:urllib3.connectionpool:https://www.indexmundi.com:443 "GET /commodities/?commodity=russian-export-blend-crude-oil HTTP/1.1" 200 41447
ERROR:root:20:15:26 Error scraping data for russian-export-blend-crude-oil: 'NoneType' object has no attribute 'find_all'
DEBUG:urllib3.connectionpool:Starting new HTTPS connection (1): www.indexmundi.com:443
DEBUG:urllib3.connectionpool:https://www.indexmundi.com:443 "GET /commodities/?commodity=russian-natural-gas HTTP/1.1" 200 57408
DEBUG:urllib3.connectionpool:Starting new HTTPS connection (1): www.indexmundi.com:443
DEBUG:urllib3.connectionpool:https://www.indexmundi.com:443 "GET /commodities/?commodity=western-canadian-select-crude-oil HTTP/1.1" 200 42839
ERROR:root:20:15:34 Error scraping data for western-canadian-select-crude-oil: 'NoneType' object has no attribute 'find_all'
DEBUG:urllib3.connectionpool:Starting new HTTPS connection (1): www.indexmundi.com:443
DEBUG:urllib3.connectionpool:https://www.indexmundi.com:443 "GET /commodities/?commodity=cocoa-beans HTTP/1.1" 200 58234
DEBUG:urllib3.connectionpool:Starting new HTTPS connection (1): www.indexmundi.com:443
DEBUG:urllib3.connectionpool:https://www.indexmundi.com:443 "GET /commodities/?commodity=other-mild-arabicas-coffee HTTP/1.1" 200 59116
DEBUG:urllib3.connectionpool:Starting new HTTPS connection (1): www.indexmundi.com:443
DEBUG:urllib3.connectionpool:https://www.indexmundi.com:443 "GET /commodities/?commodity=robusta-coffee HTTP/1.1" 200 57228
DEBUG:urllib3.connectionpool:Starting new HTTPS connection (1): www.indexmundi.com:443
DEBUG:urllib3.connectionpool:https://www.indexmundi.com:443 "GET /commodities/?commodity=tea HTTP/1.1" 200 56742
DEBUG:urllib3.connectionpool:Starting new HTTPS connection (1): www.indexmundi.com:443
DEBUG:urllib3.connectionpool:https://www.indexmundi.com:443 "GET /commodities/?commodity=barley HTTP/1.1" 200 53982
ERROR:root:20:15:53 Error scraping data for barley: 'NoneType' object has no attribute 'find_all'
DEBUG:urllib3.connectionpool:Starting new HTTPS connection (1): www.indexmundi.com:443
DEBUG:urllib3.connectionpool:https://www.indexmundi.com:443 "GET /commodities/?commodity=canadian-wheat HTTP/1.1" 200 53173
ERROR:root:20:15:56 Error scraping data for canadian-wheat: 'NoneType' object has no attribute 'find_all'
DEBUG:urllib3.connectionpool:Starting new HTTPS connection (1): www.indexmundi.com:443
DEBUG:urllib3.connectionpool:https://www.indexmundi.com:443 "GET /commodities/?commodity=corn HTTP/1.1" 200 57722
DEBUG:urllib3.connectionpool:Starting new HTTPS connection (1): www.indexmundi.com:443
DEBUG:urllib3.connectionpool:https://www.indexmundi.com:443 "GET /commodities/?commodity=oats HTTP/1.1" 200 42606
ERROR:root:20:16:03 Error scraping data for oats: 'NoneType' object has no attribute 'find_all'
DEBUG:urllib3.connectionpool:Starting new HTTPS connection (1): www.indexmundi.com:443
DEBUG:urllib3.connectionpool:https://www.indexmundi.com:443 "GET /commodities/?commodity=rice HTTP/1.1" 200 56983
DEBUG:urllib3.connectionpool:Starting new HTTPS connection (1): www.indexmundi.com:443
DEBUG:urllib3.connectionpool:https://www.indexmundi.com:443 "GET /commodities/?commodity=rough-rice HTTP/1.1" 200 42667
ERROR:root:20:16:09 Error scraping data for rough-rice: 'NoneType' object has no attribute 'find_all'
DEBUG:urllib3.connectionpool:Starting new HTTPS connection (1): www.indexmundi.com:443
DEBUG:urllib3.connectionpool:https://www.indexmundi.com:443 "GET /commodities/?commodity=soft-red-winter-wheat HTTP/1.1" 200 56821
DEBUG:urllib3.connectionpool:Starting new HTTPS connection (1): www.indexmundi.com:443
DEBUG:urllib3.connectionpool:https://www.indexmundi.com:443 "GET /commodities/?commodity=sorghum HTTP/1.1" 200 53090
ERROR:root:20:16:17 Error scraping data for sorghum: 'NoneType' object has no attribute 'find_all'
DEBUG:urllib3.connectionpool:Starting new HTTPS connection (1): www.indexmundi.com:443
DEBUG:urllib3.connectionpool:https://www.indexmundi.com:443 "GET /commodities/?commodity=wheat HTTP/1.1" 200 56177
DEBUG:urllib3.connectionpool:Starting new HTTPS connection (1): www.indexmundi.com:443
DEBUG:urllib3.connectionpool:https://www.indexmundi.com:443 "GET /commodities/?commodity=bananas HTTP/1.1" 200 56865
DEBUG:urllib3.connectionpool:Starting new HTTPS connection (1): www.indexmundi.com:443
DEBUG:urllib3.connectionpool:https://www.indexmundi.com:443 "GET /commodities/?commodity=oranges HTTP/1.1" 200 56828
DEBUG:urllib3.connectionpool:Starting new HTTPS connection (1): www.indexmundi.com:443
DEBUG:urllib3.connectionpool:https://www.indexmundi.com:443 "GET /commodities/?commodity=beef HTTP/1.1" 200 57206
DEBUG:urllib3.connectionpool:Starting new HTTPS connection (1): www.indexmundi.com:443
DEBUG:urllib3.connectionpool:https://www.indexmundi.com:443 "GET /commodities/?commodity=chicken HTTP/1.1" 200 57490
DEBUG:urllib3.connectionpool:Starting new HTTPS connection (1): www.indexmundi.com:443
DEBUG:urllib3.connectionpool:https://www.indexmundi.com:443 "GET /commodities/?commodity=lamb HTTP/1.1" 200 56034
DEBUG:urllib3.connectionpool:Starting new HTTPS connection (1): www.indexmundi.com:443
DEBUG:urllib3.connectionpool:https://www.indexmundi.com:443 "GET /commodities/?commodity=pork HTTP/1.1" 200 57732
DEBUG:urllib3.connectionpool:Starting new HTTPS connection (1): www.indexmundi.com:443
DEBUG:urllib3.connectionpool:https://www.indexmundi.com:443 "GET /commodities/?commodity=fish HTTP/1.1" 200 56663
DEBUG:urllib3.connectionpool:Starting new HTTPS connection (1): www.indexmundi.com:443
DEBUG:urllib3.connectionpool:https://www.indexmundi.com:443 "GET /commodities/?commodity=shrimp HTTP/1.1" 200 57111
DEBUG:urllib3.connectionpool:Starting new HTTPS connection (1): www.indexmundi.com:443
DEBUG:urllib3.connectionpool:https://www.indexmundi.com:443 "GET /commodities/?commodity=sugar HTTP/1.1" 200 58342
DEBUG:urllib3.connectionpool:Starting new HTTPS connection (1): www.indexmundi.com:443
DEBUG:urllib3.connectionpool:https://www.indexmundi.com:443 "GET /commodities/?commodity=sugar-european-import-price HTTP/1.1" 200 57467
DEBUG:urllib3.connectionpool:Starting new HTTPS connection (1): www.indexmundi.com:443
DEBUG:urllib3.connectionpool:https://www.indexmundi.com:443 "GET /commodities/?commodity=sugar-us-import-price HTTP/1.1" 200 56958
DEBUG:urllib3.connectionpool:Starting new HTTPS connection (1): www.indexmundi.com:443
DEBUG:urllib3.connectionpool:https://www.indexmundi.com:443 "GET /commodities/?commodity=coconut-oil HTTP/1.1" 200 56215
DEBUG:urllib3.connectionpool:Starting new HTTPS connection (1): www.indexmundi.com:443
DEBUG:urllib3.connectionpool:https://www.indexmundi.com:443 "GET /commodities/?commodity=fish-meal HTTP/1.1" 200 57083
DEBUG:urllib3.connectionpool:Starting new HTTPS connection (1): www.indexmundi.com:443
DEBUG:urllib3.connectionpool:https://www.indexmundi.com:443 "GET /commodities/?commodity=olive-oil HTTP/1.1" 200 56903
DEBUG:urllib3.connectionpool:Starting new HTTPS connection (1): www.indexmundi.com:443
DEBUG:urllib3.connectionpool:https://www.indexmundi.com:443 "GET /commodities/?commodity=palm-kernel-oil HTTP/1.1" 200 56287
DEBUG:urllib3.connectionpool:Starting new HTTPS connection (1): www.indexmundi.com:443
DEBUG:urllib3.connectionpool:https://www.indexmundi.com:443 "GET /commodities/?commodity=palm-oil HTTP/1.1" 200 58224
DEBUG:urllib3.connectionpool:Starting new HTTPS connection (1): www.indexmundi.com:443
DEBUG:urllib3.connectionpool:https://www.indexmundi.com:443 "GET /commodities/?commodity=peanut-oil HTTP/1.1" 200 56174
DEBUG:urllib3.connectionpool:Starting new HTTPS connection (1): www.indexmundi.com:443
DEBUG:urllib3.connectionpool:https://www.indexmundi.com:443 "GET /commodities/?commodity=peanuts HTTP/1.1" 200 56223
DEBUG:urllib3.connectionpool:Starting new HTTPS connection (1): www.indexmundi.com:443
DEBUG:urllib3.connectionpool:https://www.indexmundi.com:443 "GET /commodities/?commodity=rapeseed-oil HTTP/1.1" 200 56922
DEBUG:urllib3.connectionpool:Starting new HTTPS connection (1): www.indexmundi.com:443
DEBUG:urllib3.connectionpool:https://www.indexmundi.com:443 "GET /commodities/?commodity=soybean-crush HTTP/1.1" 200 42666
ERROR:root:20:17:32 Error scraping data for soybean-crush: 'NoneType' object has no attribute 'find_all'
DEBUG:urllib3.connectionpool:Starting new HTTPS connection (1): www.indexmundi.com:443
DEBUG:urllib3.connectionpool:https://www.indexmundi.com:443 "GET /commodities/?commodity=soybean-meal HTTP/1.1" 200 58399
DEBUG:urllib3.connectionpool:Starting new HTTPS connection (1): www.indexmundi.com:443
DEBUG:urllib3.connectionpool:https://www.indexmundi.com:443 "GET /commodities/?commodity=soybean-oil HTTP/1.1" 200 58348
DEBUG:urllib3.connectionpool:Starting new HTTPS connection (1): www.indexmundi.com:443
DEBUG:urllib3.connectionpool:https://www.indexmundi.com:443 "GET /commodities/?commodity=soybeans HTTP/1.1" 200 57740
DEBUG:urllib3.connectionpool:Starting new HTTPS connection (1): www.indexmundi.com:443
DEBUG:urllib3.connectionpool:https://www.indexmundi.com:443 "GET /commodities/?commodity=sunflower-oil HTTP/1.1" 200 57084
DEBUG:urllib3.connectionpool:Starting new HTTPS connection (1): www.indexmundi.com:443
DEBUG:urllib3.connectionpool:https://www.indexmundi.com:443 "GET /commodities/?commodity=coarse-wool HTTP/1.1" 200 56297
DEBUG:urllib3.connectionpool:Starting new HTTPS connection (1): www.indexmundi.com:443
DEBUG:urllib3.connectionpool:https://www.indexmundi.com:443 "GET /commodities/?commodity=copra HTTP/1.1" 200 53074
ERROR:root:20:17:57 Error scraping data for copra: 'NoneType' object has no attribute 'find_all'
DEBUG:urllib3.connectionpool:Starting new HTTPS connection (1): www.indexmundi.com:443
DEBUG:urllib3.connectionpool:https://www.indexmundi.com:443 "GET /commodities/?commodity=cotton HTTP/1.1" 200 58639
DEBUG:urllib3.connectionpool:Starting new HTTPS connection (1): www.indexmundi.com:443
DEBUG:urllib3.connectionpool:https://www.indexmundi.com:443 "GET /commodities/?commodity=fine-wool HTTP/1.1" 200 56266
DEBUG:urllib3.connectionpool:Starting new HTTPS connection (1): www.indexmundi.com:443
DEBUG:urllib3.connectionpool:https://www.indexmundi.com:443 "GET /commodities/?commodity=hard-logs HTTP/1.1" 200 56026
DEBUG:urllib3.connectionpool:Starting new HTTPS connection (1): www.indexmundi.com:443
DEBUG:urllib3.connectionpool:https://www.indexmundi.com:443 "GET /commodities/?commodity=hard-sawn-wood HTTP/1.1" 200 55985
DEBUG:urllib3.connectionpool:Starting new HTTPS connection (1): www.indexmundi.com:443
DEBUG:urllib3.connectionpool:https://www.indexmundi.com:443 "GET /commodities/?commodity=hides HTTP/1.1" 200 56210
DEBUG:urllib3.connectionpool:Starting new HTTPS connection (1): www.indexmundi.com:443
DEBUG:urllib3.connectionpool:https://www.indexmundi.com:443 "GET /commodities/?commodity=plywood HTTP/1.1" 200 56134
DEBUG:urllib3.connectionpool:Starting new HTTPS connection (1): www.indexmundi.com:443
DEBUG:urllib3.connectionpool:https://www.indexmundi.com:443 "GET /commodities/?commodity=random-length-lumber HTTP/1.1" 200 42780
ERROR:root:20:18:22 Error scraping data for random-length-lumber: 'NoneType' object has no attribute 'find_all'
DEBUG:urllib3.connectionpool:Starting new HTTPS connection (1): www.indexmundi.com:443
DEBUG:urllib3.connectionpool:https://www.indexmundi.com:443 "GET /commodities/?commodity=rubber HTTP/1.1" 200 57539
DEBUG:urllib3.connectionpool:Starting new HTTPS connection (1): www.indexmundi.com:443
DEBUG:urllib3.connectionpool:https://www.indexmundi.com:443 "GET /commodities/?commodity=soft-logs HTTP/1.1" 200 55787
DEBUG:urllib3.connectionpool:Starting new HTTPS connection (1): www.indexmundi.com:443
DEBUG:urllib3.connectionpool:https://www.indexmundi.com:443 "GET /commodities/?commodity=soft-sawn-wood HTTP/1.1" 200 55888
DEBUG:urllib3.connectionpool:Starting new HTTPS connection (1): www.indexmundi.com:443
DEBUG:urllib3.connectionpool:https://www.indexmundi.com:443 "GET /commodities/?commodity=wood-pulp HTTP/1.1" 200 53257
ERROR:root:20:18:37 Error scraping data for wood-pulp: 'NoneType' object has no attribute 'find_all'
DEBUG:urllib3.connectionpool:Starting new HTTPS connection (1): www.indexmundi.com:443
DEBUG:urllib3.connectionpool:https://www.indexmundi.com:443 "GET /commodities/?commodity=aluminum HTTP/1.1" 200 58162
DEBUG:urllib3.connectionpool:Starting new HTTPS connection (1): www.indexmundi.com:443
DEBUG:urllib3.connectionpool:https://www.indexmundi.com:443 "GET /commodities/?commodity=cold-rolled-steel HTTP/1.1" 200 53288
ERROR:root:20:18:43 Error scraping data for cold-rolled-steel: 'NoneType' object has no attribute 'find_all'
DEBUG:urllib3.connectionpool:Starting new HTTPS connection (1): www.indexmundi.com:443
DEBUG:urllib3.connectionpool:https://www.indexmundi.com:443 "GET /commodities/?commodity=copper HTTP/1.1" 200 58509
DEBUG:urllib3.connectionpool:Starting new HTTPS connection (1): www.indexmundi.com:443
DEBUG:urllib3.connectionpool:https://www.indexmundi.com:443 "GET /commodities/?commodity=gold HTTP/1.1" 200 57289
DEBUG:urllib3.connectionpool:Starting new HTTPS connection (1): www.indexmundi.com:443
DEBUG:urllib3.connectionpool:https://www.indexmundi.com:443 "GET /commodities/?commodity=hot-rolled-steel HTTP/1.1" 200 53168
ERROR:root:20:18:53 Error scraping data for hot-rolled-steel: 'NoneType' object has no attribute 'find_all'
DEBUG:urllib3.connectionpool:Starting new HTTPS connection (1): www.indexmundi.com:443
DEBUG:urllib3.connectionpool:https://www.indexmundi.com:443 "GET /commodities/?commodity=iron-ore HTTP/1.1" 200 57052
DEBUG:urllib3.connectionpool:Starting new HTTPS connection (1): www.indexmundi.com:443
DEBUG:urllib3.connectionpool:https://www.indexmundi.com:443 "GET /commodities/?commodity=lead HTTP/1.1" 200 58013
DEBUG:urllib3.connectionpool:Starting new HTTPS connection (1): www.indexmundi.com:443
DEBUG:urllib3.connectionpool:https://www.indexmundi.com:443 "GET /commodities/?commodity=nickel HTTP/1.1" 200 57074
DEBUG:urllib3.connectionpool:Starting new HTTPS connection (1): www.indexmundi.com:443
DEBUG:urllib3.connectionpool:https://www.indexmundi.com:443 "GET /commodities/?commodity=palladium HTTP/1.1" 200 42624
ERROR:root:20:19:08 Error scraping data for palladium: 'NoneType' object has no attribute 'find_all'
DEBUG:urllib3.connectionpool:Starting new HTTPS connection (1): www.indexmundi.com:443
DEBUG:urllib3.connectionpool:https://www.indexmundi.com:443 "GET /commodities/?commodity=platinum HTTP/1.1" 200 42631
ERROR:root:20:19:12 Error scraping data for platinum: 'NoneType' object has no attribute 'find_all'
DEBUG:urllib3.connectionpool:Starting new HTTPS connection (1): www.indexmundi.com:443
DEBUG:urllib3.connectionpool:https://www.indexmundi.com:443 "GET /commodities/?commodity=rebar HTTP/1.1" 200 53092
ERROR:root:20:19:15 Error scraping data for rebar: 'NoneType' object has no attribute 'find_all'
DEBUG:urllib3.connectionpool:Starting new HTTPS connection (1): www.indexmundi.com:443
DEBUG:urllib3.connectionpool:https://www.indexmundi.com:443 "GET /commodities/?commodity=silver HTTP/1.1" 200 57411
DEBUG:urllib3.connectionpool:Starting new HTTPS connection (1): www.indexmundi.com:443
DEBUG:urllib3.connectionpool:https://www.indexmundi.com:443 "GET /commodities/?commodity=steel-wire-rod HTTP/1.1" 200 53139
ERROR:root:20:19:23 Error scraping data for steel-wire-rod: 'NoneType' object has no attribute 'find_all'
DEBUG:urllib3.connectionpool:Starting new HTTPS connection (1): www.indexmundi.com:443
DEBUG:urllib3.connectionpool:https://www.indexmundi.com:443 "GET /commodities/?commodity=tin HTTP/1.1" 200 56714
DEBUG:urllib3.connectionpool:Starting new HTTPS connection (1): www.indexmundi.com:443
DEBUG:urllib3.connectionpool:https://www.indexmundi.com:443 "GET /commodities/?commodity=uranium HTTP/1.1" 200 57689
DEBUG:urllib3.connectionpool:Starting new HTTPS connection (1): www.indexmundi.com:443
DEBUG:urllib3.connectionpool:https://www.indexmundi.com:443 "GET /commodities/?commodity=us-midwest-domestic-hot-rolled-coil-steel-index HTTP/1.1" 200 42876
ERROR:root:20:19:34 Error scraping data for us-midwest-domestic-hot-rolled-coil-steel-index: 'NoneType' object has no attribute 'find_all'
DEBUG:urllib3.connectionpool:Starting new HTTPS connection (1): www.indexmundi.com:443
DEBUG:urllib3.connectionpool:https://www.indexmundi.com:443 "GET /commodities/?commodity=zinc HTTP/1.1" 200 58124
DEBUG:urllib3.connectionpool:Starting new HTTPS connection (1): www.indexmundi.com:443
DEBUG:urllib3.connectionpool:https://www.indexmundi.com:443 "GET /commodities/?commodity=dap-fertilizer HTTP/1.1" 200 56188
DEBUG:urllib3.connectionpool:Starting new HTTPS connection (1): www.indexmundi.com:443
DEBUG:urllib3.connectionpool:https://www.indexmundi.com:443 "GET /commodities/?commodity=potassium-chloride HTTP/1.1" 200 56290
DEBUG:urllib3.connectionpool:Starting new HTTPS connection (1): www.indexmundi.com:443
DEBUG:urllib3.connectionpool:https://www.indexmundi.com:443 "GET /commodities/?commodity=rock-phosphate HTTP/1.1" 200 56172
DEBUG:urllib3.connectionpool:Starting new HTTPS connection (1): www.indexmundi.com:443
DEBUG:urllib3.connectionpool:https://www.indexmundi.com:443 "GET /commodities/?commodity=triple-superphosphate HTTP/1.1" 200 56400
DEBUG:urllib3.connectionpool:Starting new HTTPS connection (1): www.indexmundi.com:443
DEBUG:urllib3.connectionpool:https://www.indexmundi.com:443 "GET /commodities/?commodity=urea HTTP/1.1" 200 56067
DEBUG:urllib3.connectionpool:Starting new HTTPS connection (1): www.indexmundi.com:443
DEBUG:urllib3.connectionpool:https://www.indexmundi.com:443 "GET /commodities/?commodity=feeder-cattle HTTP/1.1" 200 42699
ERROR:root:20:19:57 Error scraping data for feeder-cattle: 'NoneType' object has no attribute 'find_all'
DEBUG:urllib3.connectionpool:Starting new HTTPS connection (1): www.indexmundi.com:443
DEBUG:urllib3.connectionpool:https://www.indexmundi.com:443 "GET /commodities/?commodity=live-cattle HTTP/1.1" 200 42684
ERROR:root:20:20:01 Error scraping data for live-cattle: 'NoneType' object has no attribute 'find_all'
DEBUG:urllib3.connectionpool:Starting new HTTPS connection (1): www.indexmundi.com:443
DEBUG:urllib3.connectionpool:https://www.indexmundi.com:443 "GET /commodities/?commodity=cash-settled-butter HTTP/1.1" 200 42736
ERROR:root:20:20:04 Error scraping data for cash-settled-butter: 'NoneType' object has no attribute 'find_all'
DEBUG:urllib3.connectionpool:Starting new HTTPS connection (1): www.indexmundi.com:443
DEBUG:urllib3.connectionpool:https://www.indexmundi.com:443 "GET /commodities/?commodity=cheese HTTP/1.1" 200 42622
ERROR:root:20:20:08 Error scraping data for cheese: 'NoneType' object has no attribute 'find_all'
DEBUG:urllib3.connectionpool:Starting new HTTPS connection (1): www.indexmundi.com:443
DEBUG:urllib3.connectionpool:https://www.indexmundi.com:443 "GET /commodities/?commodity=class-iii-milk HTTP/1.1" 200 42702
ERROR:root:20:20:11 Error scraping data for class-iii-milk: 'NoneType' object has no attribute 'find_all'
DEBUG:urllib3.connectionpool:Starting new HTTPS connection (1): www.indexmundi.com:443
DEBUG:urllib3.connectionpool:https://www.indexmundi.com:443 "GET /commodities/?commodity=class-iv-milk HTTP/1.1" 200 42683
ERROR:root:20:20:15 Error scraping data for class-iv-milk: 'NoneType' object has no attribute 'find_all'
DEBUG:urllib3.connectionpool:Starting new HTTPS connection (1): www.indexmundi.com:443
DEBUG:urllib3.connectionpool:https://www.indexmundi.com:443 "GET /commodities/?commodity=dry-whey HTTP/1.1" 200 42630
ERROR:root:20:20:20 Error scraping data for dry-whey: 'NoneType' object has no attribute 'find_all'
DEBUG:urllib3.connectionpool:Starting new HTTPS connection (1): www.indexmundi.com:443
DEBUG:urllib3.connectionpool:https://www.indexmundi.com:443 "GET /commodities/?commodity=international-skimmed-milk-powder HTTP/1.1" 200 41462
ERROR:root:20:20:23 Error scraping data for international-skimmed-milk-powder: 'NoneType' object has no attribute 'find_all'
DEBUG:root:Se van a procesar las siguientes commodities:

DEBUG:root:agricultural-raw-materials-price-index
DEBUG:root:beverage-price-index
DEBUG:root:commodity-price-index
DEBUG:root:energy-price-index
DEBUG:root:food-and-beverage-price-index
DEBUG:root:food-price-index
DEBUG:root:industrial-inputs-price-index
DEBUG:root:metals-price-index
DEBUG:root:non-fuel-price-index
DEBUG:root:petroleum-price-index
DEBUG:root:cbot-denatured-fuel-ethanol
DEBUG:root:central-appalachian-coal
DEBUG:root:coal-australian
DEBUG:root:coal-south-african
DEBUG:root:colombian-coal
DEBUG:root:crude-oil
DEBUG:root:crude-oil-brent
DEBUG:root:crude-oil-dubai
DEBUG:root:crude-oil-west-texas-intermediate
DEBUG:root:diesel
DEBUG:root:gasoline
DEBUG:root:gulf-coast-sour-crude-oil
DEBUG:root:gulf-coast-ultra-low-sulfur-diesel
DEBUG:root:heating-oil
DEBUG:root:indonesian-liquified-natural-gas
DEBUG:root:jet-fuel
DEBUG:root:natural-gas
DEBUG:root:new-york-harbor-ethanol
DEBUG:root:propane
DEBUG:root:rbob-gasoline
DEBUG:root:russian-export-blend-crude-oil
DEBUG:root:russian-natural-gas
DEBUG:root:western-canadian-select-crude-oil
DEBUG:root:cocoa-beans
DEBUG:root:other-mild-arabicas-coffee
DEBUG:root:robusta-coffee
DEBUG:root:tea
DEBUG:root:barley
DEBUG:root:canadian-wheat
DEBUG:root:corn
DEBUG:root:oats
DEBUG:root:rice
DEBUG:root:rough-rice
DEBUG:root:soft-red-winter-wheat
DEBUG:root:sorghum
DEBUG:root:wheat
DEBUG:root:bananas
DEBUG:root:oranges
DEBUG:root:beef
DEBUG:root:chicken
DEBUG:root:lamb
DEBUG:root:pork
DEBUG:root:fish
DEBUG:root:shrimp
DEBUG:root:sugar
DEBUG:root:sugar-european-import-price
DEBUG:root:sugar-us-import-price
DEBUG:root:coconut-oil
DEBUG:root:fish-meal
DEBUG:root:olive-oil
DEBUG:root:palm-kernel-oil
DEBUG:root:palm-oil
DEBUG:root:peanut-oil
DEBUG:root:peanuts
DEBUG:root:rapeseed-oil
DEBUG:root:soybean-crush
DEBUG:root:soybean-meal
DEBUG:root:soybean-oil
DEBUG:root:soybeans
DEBUG:root:sunflower-oil
DEBUG:root:coarse-wool
DEBUG:root:copra
DEBUG:root:cotton
DEBUG:root:fine-wool
DEBUG:root:hard-logs
DEBUG:root:hard-sawn-wood
DEBUG:root:hides
DEBUG:root:plywood
DEBUG:root:random-length-lumber
DEBUG:root:rubber
DEBUG:root:soft-logs
DEBUG:root:soft-sawn-wood
DEBUG:root:wood-pulp
DEBUG:root:aluminum
DEBUG:root:cold-rolled-steel
DEBUG:root:copper
DEBUG:root:gold
DEBUG:root:hot-rolled-steel
DEBUG:root:iron-ore
DEBUG:root:lead
DEBUG:root:nickel
DEBUG:root:palladium
DEBUG:root:platinum
DEBUG:root:rebar
DEBUG:root:silver
DEBUG:root:steel-wire-rod
DEBUG:root:tin
DEBUG:root:uranium
DEBUG:root:us-midwest-domestic-hot-rolled-coil-steel-index
DEBUG:root:zinc
DEBUG:root:dap-fertilizer
DEBUG:root:potassium-chloride
DEBUG:root:rock-phosphate
DEBUG:root:triple-superphosphate
DEBUG:root:urea
DEBUG:root:feeder-cattle
DEBUG:root:live-cattle
DEBUG:root:cash-settled-butter
DEBUG:root:cheese
DEBUG:root:class-iii-milk
DEBUG:root:class-iv-milk
DEBUG:root:dry-whey
DEBUG:root:international-skimmed-milk-powder
DEBUG:root:nonfat-dry-milk
DEBUG:root:agricultural-raw-materials-price-index
DEBUG:root:beverage-price-index
DEBUG:root:commodity-price-index
DEBUG:root:energy-price-index
DEBUG:root:food-and-beverage-price-index
DEBUG:root:food-price-index
DEBUG:root:industrial-inputs-price-index
DEBUG:root:metals-price-index
DEBUG:root:non-fuel-price-index
DEBUG:root:petroleum-price-index
DEBUG:root:coal-australian
DEBUG:root:coal-south-african
DEBUG:root:crude-oil
DEBUG:root:crude-oil-brent
DEBUG:root:crude-oil-dubai
DEBUG:root:crude-oil-west-texas-intermediate
DEBUG:root:diesel
DEBUG:root:gasoline
DEBUG:root:heating-oil
DEBUG:root:indonesian-liquified-natural-gas
DEBUG:root:jet-fuel
DEBUG:root:natural-gas
DEBUG:root:propane
DEBUG:root:rbob-gasoline
DEBUG:root:russian-natural-gas
DEBUG:root:cocoa-beans
DEBUG:root:other-mild-arabicas-coffee
DEBUG:root:robusta-coffee
DEBUG:root:tea
DEBUG:root:barley
DEBUG:root:canadian-wheat
DEBUG:root:corn
DEBUG:root:rice
DEBUG:root:soft-red-winter-wheat
DEBUG:root:sorghum
DEBUG:root:wheat
DEBUG:root:bananas
DEBUG:root:oranges
DEBUG:root:beef
DEBUG:root:chicken
DEBUG:root:lamb
DEBUG:root:pork
DEBUG:root:fish
DEBUG:root:shrimp
DEBUG:root:sugar
DEBUG:root:sugar-european-import-price
DEBUG:root:sugar-us-import-price
DEBUG:root:coconut-oil
DEBUG:root:fish-meal
DEBUG:root:olive-oil
DEBUG:root:palm-kernel-oil
DEBUG:root:palm-oil
DEBUG:root:peanut-oil
DEBUG:root:peanuts
DEBUG:root:rapeseed-oil
DEBUG:root:soybean-meal
DEBUG:root:soybean-oil
DEBUG:root:soybeans
DEBUG:root:sunflower-oil
DEBUG:root:coarse-wool
DEBUG:root:copra
DEBUG:root:cotton
DEBUG:root:fine-wool
DEBUG:root:hard-logs
DEBUG:root:hard-sawn-wood
DEBUG:root:hides
DEBUG:root:plywood
DEBUG:root:rubber
DEBUG:root:soft-logs
DEBUG:root:soft-sawn-wood
DEBUG:root:wood-pulp
DEBUG:root:aluminum
DEBUG:root:cold-rolled-steel
DEBUG:root:copper
DEBUG:root:gold
DEBUG:root:hot-rolled-steel
DEBUG:root:iron-ore
DEBUG:root:lead
DEBUG:root:nickel
DEBUG:root:rebar
DEBUG:root:silver
DEBUG:root:steel-wire-rod
DEBUG:root:tin
DEBUG:root:uranium
DEBUG:root:zinc
DEBUG:root:dap-fertilizer
DEBUG:root:potassium-chloride
DEBUG:root:rock-phosphate
DEBUG:root:triple-superphosphate
DEBUG:root:urea
DEBUG:urllib3.connectionpool:Starting new HTTPS connection (1): www.indexmundi.com:443
DEBUG:urllib3.connectionpool:https://www.indexmundi.com:443 "GET /commodities/?commodity=agricultural-raw-materials-price-index HTTP/1.1" 200 48661
DEBUG:urllib3.connectionpool:Starting new HTTPS connection (1): www.indexmundi.com:443
DEBUG:urllib3.connectionpool:https://www.indexmundi.com:443 "GET /commodities/?commodity=beverage-price-index HTTP/1.1" 200 48189
DEBUG:urllib3.connectionpool:Starting new HTTPS connection (1): www.indexmundi.com:443
DEBUG:urllib3.connectionpool:https://www.indexmundi.com:443 "GET /commodities/?commodity=commodity-price-index HTTP/1.1" 200 47958
DEBUG:urllib3.connectionpool:Starting new HTTPS connection (1): www.indexmundi.com:443
DEBUG:urllib3.connectionpool:https://www.indexmundi.com:443 "GET /commodities/?commodity=energy-price-index HTTP/1.1" 200 48197
DEBUG:urllib3.connectionpool:Starting new HTTPS connection (1): www.indexmundi.com:443
DEBUG:urllib3.connectionpool:https://www.indexmundi.com:443 "GET /commodities/?commodity=food-and-beverage-price-index HTTP/1.1" 200 48047
DEBUG:urllib3.connectionpool:Starting new HTTPS connection (1): www.indexmundi.com:443
DEBUG:urllib3.connectionpool:https://www.indexmundi.com:443 "GET /commodities/?commodity=food-price-index HTTP/1.1" 200 48293
DEBUG:urllib3.connectionpool:Starting new HTTPS connection (1): www.indexmundi.com:443
DEBUG:urllib3.connectionpool:https://www.indexmundi.com:443 "GET /commodities/?commodity=industrial-inputs-price-index HTTP/1.1" 200 48181
DEBUG:urllib3.connectionpool:Starting new HTTPS connection (1): www.indexmundi.com:443
DEBUG:urllib3.connectionpool:https://www.indexmundi.com:443 "GET /commodities/?commodity=metals-price-index HTTP/1.1" 200 48331
DEBUG:urllib3.connectionpool:Starting new HTTPS connection (1): www.indexmundi.com:443
DEBUG:urllib3.connectionpool:https://www.indexmundi.com:443 "GET /commodities/?commodity=non-fuel-price-index HTTP/1.1" 200 48348
DEBUG:urllib3.connectionpool:Starting new HTTPS connection (1): www.indexmundi.com:443
DEBUG:urllib3.connectionpool:https://www.indexmundi.com:443 "GET /commodities/?commodity=petroleum-price-index HTTP/1.1" 200 47972
DEBUG:urllib3.connectionpool:Starting new HTTPS connection (1): www.indexmundi.com:443
DEBUG:urllib3.connectionpool:https://www.indexmundi.com:443 "GET /commodities/?commodity=cbot-denatured-fuel-ethanol HTTP/1.1" 200 41432
ERROR:root:20:21:51 Error scraping data for cbot-denatured-fuel-ethanol: 'NoneType' object has no attribute 'find_all'
DEBUG:urllib3.connectionpool:Starting new HTTPS connection (1): www.indexmundi.com:443
DEBUG:urllib3.connectionpool:https://www.indexmundi.com:443 "GET /commodities/?commodity=central-appalachian-coal HTTP/1.1" 200 42747
ERROR:root:20:21:56 Error scraping data for central-appalachian-coal: 'NoneType' object has no attribute 'find_all'
DEBUG:urllib3.connectionpool:Starting new HTTPS connection (1): www.indexmundi.com:443
DEBUG:urllib3.connectionpool:https://www.indexmundi.com:443 "GET /commodities/?commodity=coal-australian HTTP/1.1" 200 57492
DEBUG:urllib3.connectionpool:Starting new HTTPS connection (1): www.indexmundi.com:443
DEBUG:urllib3.connectionpool:https://www.indexmundi.com:443 "GET /commodities/?commodity=coal-south-african HTTP/1.1" 200 57620
DEBUG:urllib3.connectionpool:Starting new HTTPS connection (1): www.indexmundi.com:443
DEBUG:urllib3.connectionpool:https://www.indexmundi.com:443 "GET /commodities/?commodity=colombian-coal HTTP/1.1" 200 53335
ERROR:root:20:22:09 Error scraping data for colombian-coal: 'NoneType' object has no attribute 'find_all'
DEBUG:urllib3.connectionpool:Starting new HTTPS connection (1): www.indexmundi.com:443
DEBUG:urllib3.connectionpool:https://www.indexmundi.com:443 "GET /commodities/?commodity=crude-oil HTTP/1.1" 200 57066
DEBUG:urllib3.connectionpool:Starting new HTTPS connection (1): www.indexmundi.com:443
DEBUG:urllib3.connectionpool:https://www.indexmundi.com:443 "GET /commodities/?commodity=crude-oil-brent HTTP/1.1" 200 57542
DEBUG:urllib3.connectionpool:Starting new HTTPS connection (1): www.indexmundi.com:443
DEBUG:urllib3.connectionpool:https://www.indexmundi.com:443 "GET /commodities/?commodity=crude-oil-dubai HTTP/1.1" 200 57333
DEBUG:urllib3.connectionpool:Starting new HTTPS connection (1): www.indexmundi.com:443
DEBUG:urllib3.connectionpool:https://www.indexmundi.com:443 "GET /commodities/?commodity=crude-oil-west-texas-intermediate HTTP/1.1" 200 59280
DEBUG:urllib3.connectionpool:Starting new HTTPS connection (1): www.indexmundi.com:443
DEBUG:urllib3.connectionpool:https://www.indexmundi.com:443 "GET /commodities/?commodity=diesel HTTP/1.1" 200 56966
DEBUG:urllib3.connectionpool:Starting new HTTPS connection (1): www.indexmundi.com:443
DEBUG:urllib3.connectionpool:https://www.indexmundi.com:443 "GET /commodities/?commodity=gasoline HTTP/1.1" 200 56296
DEBUG:urllib3.connectionpool:Starting new HTTPS connection (1): www.indexmundi.com:443
DEBUG:urllib3.connectionpool:https://www.indexmundi.com:443 "GET /commodities/?commodity=gulf-coast-sour-crude-oil HTTP/1.1" 200 42767
ERROR:root:20:22:35 Error scraping data for gulf-coast-sour-crude-oil: 'NoneType' object has no attribute 'find_all'
DEBUG:urllib3.connectionpool:Starting new HTTPS connection (1): www.indexmundi.com:443
DEBUG:urllib3.connectionpool:https://www.indexmundi.com:443 "GET /commodities/?commodity=gulf-coast-ultra-low-sulfur-diesel HTTP/1.1" 200 41488
ERROR:root:20:22:39 Error scraping data for gulf-coast-ultra-low-sulfur-diesel: 'NoneType' object has no attribute 'find_all'
DEBUG:urllib3.connectionpool:Starting new HTTPS connection (1): www.indexmundi.com:443
DEBUG:urllib3.connectionpool:https://www.indexmundi.com:443 "GET /commodities/?commodity=heating-oil HTTP/1.1" 200 56338
DEBUG:urllib3.connectionpool:Starting new HTTPS connection (1): www.indexmundi.com:443
DEBUG:urllib3.connectionpool:https://www.indexmundi.com:443 "GET /commodities/?commodity=indonesian-liquified-natural-gas HTTP/1.1" 200 57588
DEBUG:urllib3.connectionpool:Starting new HTTPS connection (1): www.indexmundi.com:443
DEBUG:urllib3.connectionpool:https://www.indexmundi.com:443 "GET /commodities/?commodity=jet-fuel HTTP/1.1" 200 56284
DEBUG:urllib3.connectionpool:Starting new HTTPS connection (1): www.indexmundi.com:443
DEBUG:urllib3.connectionpool:https://www.indexmundi.com:443 "GET /commodities/?commodity=natural-gas HTTP/1.1" 200 58493
DEBUG:urllib3.connectionpool:Starting new HTTPS connection (1): www.indexmundi.com:443
DEBUG:urllib3.connectionpool:https://www.indexmundi.com:443 "GET /commodities/?commodity=new-york-harbor-ethanol HTTP/1.1" 200 41385
ERROR:root:20:22:59 Error scraping data for new-york-harbor-ethanol: 'NoneType' object has no attribute 'find_all'
DEBUG:urllib3.connectionpool:Starting new HTTPS connection (1): www.indexmundi.com:443
DEBUG:urllib3.connectionpool:https://www.indexmundi.com:443 "GET /commodities/?commodity=propane HTTP/1.1" 200 56229
DEBUG:urllib3.connectionpool:Starting new HTTPS connection (1): www.indexmundi.com:443
DEBUG:urllib3.connectionpool:https://www.indexmundi.com:443 "GET /commodities/?commodity=rbob-gasoline HTTP/1.1" 200 57757
DEBUG:urllib3.connectionpool:Starting new HTTPS connection (1): www.indexmundi.com:443
DEBUG:urllib3.connectionpool:https://www.indexmundi.com:443 "GET /commodities/?commodity=russian-export-blend-crude-oil HTTP/1.1" 200 41447
ERROR:root:20:23:10 Error scraping data for russian-export-blend-crude-oil: 'NoneType' object has no attribute 'find_all'
DEBUG:urllib3.connectionpool:Starting new HTTPS connection (1): www.indexmundi.com:443
DEBUG:urllib3.connectionpool:https://www.indexmundi.com:443 "GET /commodities/?commodity=russian-natural-gas HTTP/1.1" 200 57408
DEBUG:urllib3.connectionpool:Starting new HTTPS connection (1): www.indexmundi.com:443
DEBUG:urllib3.connectionpool:https://www.indexmundi.com:443 "GET /commodities/?commodity=western-canadian-select-crude-oil HTTP/1.1" 200 42839
ERROR:root:20:23:18 Error scraping data for western-canadian-select-crude-oil: 'NoneType' object has no attribute 'find_all'
DEBUG:urllib3.connectionpool:Starting new HTTPS connection (1): www.indexmundi.com:443
DEBUG:urllib3.connectionpool:https://www.indexmundi.com:443 "GET /commodities/?commodity=cocoa-beans HTTP/1.1" 200 58234
DEBUG:urllib3.connectionpool:Starting new HTTPS connection (1): www.indexmundi.com:443
DEBUG:urllib3.connectionpool:https://www.indexmundi.com:443 "GET /commodities/?commodity=other-mild-arabicas-coffee HTTP/1.1" 200 59116
DEBUG:urllib3.connectionpool:Starting new HTTPS connection (1): www.indexmundi.com:443
DEBUG:urllib3.connectionpool:https://www.indexmundi.com:443 "GET /commodities/?commodity=robusta-coffee HTTP/1.1" 200 57228
DEBUG:urllib3.connectionpool:Starting new HTTPS connection (1): www.indexmundi.com:443
DEBUG:urllib3.connectionpool:https://www.indexmundi.com:443 "GET /commodities/?commodity=tea HTTP/1.1" 200 56742
DEBUG:urllib3.connectionpool:Starting new HTTPS connection (1): www.indexmundi.com:443
DEBUG:urllib3.connectionpool:https://www.indexmundi.com:443 "GET /commodities/?commodity=barley HTTP/1.1" 200 53982
ERROR:root:20:23:39 Error scraping data for barley: 'NoneType' object has no attribute 'find_all'
DEBUG:urllib3.connectionpool:Starting new HTTPS connection (1): www.indexmundi.com:443
DEBUG:urllib3.connectionpool:https://www.indexmundi.com:443 "GET /commodities/?commodity=canadian-wheat HTTP/1.1" 200 53173
ERROR:root:20:23:43 Error scraping data for canadian-wheat: 'NoneType' object has no attribute 'find_all'
DEBUG:urllib3.connectionpool:Starting new HTTPS connection (1): www.indexmundi.com:443
DEBUG:urllib3.connectionpool:https://www.indexmundi.com:443 "GET /commodities/?commodity=corn HTTP/1.1" 200 57722
DEBUG:urllib3.connectionpool:Starting new HTTPS connection (1): www.indexmundi.com:443
DEBUG:urllib3.connectionpool:https://www.indexmundi.com:443 "GET /commodities/?commodity=oats HTTP/1.1" 200 42606
ERROR:root:20:23:50 Error scraping data for oats: 'NoneType' object has no attribute 'find_all'
DEBUG:urllib3.connectionpool:Starting new HTTPS connection (1): www.indexmundi.com:443
DEBUG:urllib3.connectionpool:https://www.indexmundi.com:443 "GET /commodities/?commodity=rice HTTP/1.1" 200 56983
DEBUG:urllib3.connectionpool:Starting new HTTPS connection (1): www.indexmundi.com:443
DEBUG:urllib3.connectionpool:https://www.indexmundi.com:443 "GET /commodities/?commodity=rough-rice HTTP/1.1" 200 42667
ERROR:root:20:23:57 Error scraping data for rough-rice: 'NoneType' object has no attribute 'find_all'
DEBUG:urllib3.connectionpool:Starting new HTTPS connection (1): www.indexmundi.com:443
DEBUG:urllib3.connectionpool:https://www.indexmundi.com:443 "GET /commodities/?commodity=soft-red-winter-wheat HTTP/1.1" 200 56821
DEBUG:urllib3.connectionpool:Starting new HTTPS connection (1): www.indexmundi.com:443
DEBUG:urllib3.connectionpool:https://www.indexmundi.com:443 "GET /commodities/?commodity=sorghum HTTP/1.1" 200 53090
ERROR:root:20:24:06 Error scraping data for sorghum: 'NoneType' object has no attribute 'find_all'
DEBUG:urllib3.connectionpool:Starting new HTTPS connection (1): www.indexmundi.com:443
DEBUG:urllib3.connectionpool:https://www.indexmundi.com:443 "GET /commodities/?commodity=wheat HTTP/1.1" 200 56177
DEBUG:urllib3.connectionpool:Starting new HTTPS connection (1): www.indexmundi.com:443
DEBUG:urllib3.connectionpool:https://www.indexmundi.com:443 "GET /commodities/?commodity=bananas HTTP/1.1" 200 56865
DEBUG:urllib3.connectionpool:Starting new HTTPS connection (1): www.indexmundi.com:443
DEBUG:urllib3.connectionpool:https://www.indexmundi.com:443 "GET /commodities/?commodity=oranges HTTP/1.1" 200 56828
DEBUG:urllib3.connectionpool:Starting new HTTPS connection (1): www.indexmundi.com:443
DEBUG:urllib3.connectionpool:https://www.indexmundi.com:443 "GET /commodities/?commodity=beef HTTP/1.1" 200 57206
DEBUG:urllib3.connectionpool:Starting new HTTPS connection (1): www.indexmundi.com:443
DEBUG:urllib3.connectionpool:https://www.indexmundi.com:443 "GET /commodities/?commodity=chicken HTTP/1.1" 200 57490
DEBUG:urllib3.connectionpool:Starting new HTTPS connection (1): www.indexmundi.com:443
DEBUG:urllib3.connectionpool:https://www.indexmundi.com:443 "GET /commodities/?commodity=lamb HTTP/1.1" 200 56034
DEBUG:urllib3.connectionpool:Starting new HTTPS connection (1): www.indexmundi.com:443
DEBUG:urllib3.connectionpool:https://www.indexmundi.com:443 "GET /commodities/?commodity=pork HTTP/1.1" 200 57732
DEBUG:urllib3.connectionpool:Starting new HTTPS connection (1): www.indexmundi.com:443
DEBUG:urllib3.connectionpool:https://www.indexmundi.com:443 "GET /commodities/?commodity=fish HTTP/1.1" 200 56663
DEBUG:urllib3.connectionpool:Starting new HTTPS connection (1): www.indexmundi.com:443
DEBUG:urllib3.connectionpool:https://www.indexmundi.com:443 "GET /commodities/?commodity=shrimp HTTP/1.1" 200 57111
DEBUG:urllib3.connectionpool:Starting new HTTPS connection (1): www.indexmundi.com:443
DEBUG:urllib3.connectionpool:https://www.indexmundi.com:443 "GET /commodities/?commodity=sugar HTTP/1.1" 200 58342
DEBUG:urllib3.connectionpool:Starting new HTTPS connection (1): www.indexmundi.com:443
DEBUG:urllib3.connectionpool:https://www.indexmundi.com:443 "GET /commodities/?commodity=sugar-european-import-price HTTP/1.1" 200 57467
DEBUG:urllib3.connectionpool:Starting new HTTPS connection (1): www.indexmundi.com:443
DEBUG:urllib3.connectionpool:https://www.indexmundi.com:443 "GET /commodities/?commodity=sugar-us-import-price HTTP/1.1" 200 56958
DEBUG:urllib3.connectionpool:Starting new HTTPS connection (1): www.indexmundi.com:443
DEBUG:urllib3.connectionpool:https://www.indexmundi.com:443 "GET /commodities/?commodity=coconut-oil HTTP/1.1" 200 56215
DEBUG:urllib3.connectionpool:Starting new HTTPS connection (1): www.indexmundi.com:443
DEBUG:urllib3.connectionpool:https://www.indexmundi.com:443 "GET /commodities/?commodity=fish-meal HTTP/1.1" 200 57083
DEBUG:urllib3.connectionpool:Starting new HTTPS connection (1): www.indexmundi.com:443
DEBUG:urllib3.connectionpool:https://www.indexmundi.com:443 "GET /commodities/?commodity=olive-oil HTTP/1.1" 200 56903
DEBUG:urllib3.connectionpool:Starting new HTTPS connection (1): www.indexmundi.com:443
DEBUG:urllib3.connectionpool:https://www.indexmundi.com:443 "GET /commodities/?commodity=palm-kernel-oil HTTP/1.1" 200 56287
DEBUG:urllib3.connectionpool:Starting new HTTPS connection (1): www.indexmundi.com:443
DEBUG:urllib3.connectionpool:https://www.indexmundi.com:443 "GET /commodities/?commodity=palm-oil HTTP/1.1" 200 58224
DEBUG:urllib3.connectionpool:Starting new HTTPS connection (1): www.indexmundi.com:443
DEBUG:urllib3.connectionpool:https://www.indexmundi.com:443 "GET /commodities/?commodity=peanut-oil HTTP/1.1" 200 56174
DEBUG:urllib3.connectionpool:Starting new HTTPS connection (1): www.indexmundi.com:443
DEBUG:urllib3.connectionpool:https://www.indexmundi.com:443 "GET /commodities/?commodity=peanuts HTTP/1.1" 200 56223
DEBUG:urllib3.connectionpool:Starting new HTTPS connection (1): www.indexmundi.com:443
DEBUG:urllib3.connectionpool:https://www.indexmundi.com:443 "GET /commodities/?commodity=rapeseed-oil HTTP/1.1" 200 56922
DEBUG:urllib3.connectionpool:Starting new HTTPS connection (1): www.indexmundi.com:443
DEBUG:urllib3.connectionpool:https://www.indexmundi.com:443 "GET /commodities/?commodity=soybean-crush HTTP/1.1" 200 42666
ERROR:root:20:25:29 Error scraping data for soybean-crush: 'NoneType' object has no attribute 'find_all'
DEBUG:urllib3.connectionpool:Starting new HTTPS connection (1): www.indexmundi.com:443
DEBUG:urllib3.connectionpool:https://www.indexmundi.com:443 "GET /commodities/?commodity=soybean-meal HTTP/1.1" 200 58399
DEBUG:urllib3.connectionpool:Starting new HTTPS connection (1): www.indexmundi.com:443
DEBUG:urllib3.connectionpool:https://www.indexmundi.com:443 "GET /commodities/?commodity=soybean-oil HTTP/1.1" 200 58348
DEBUG:urllib3.connectionpool:Starting new HTTPS connection (1): www.indexmundi.com:443
DEBUG:urllib3.connectionpool:https://www.indexmundi.com:443 "GET /commodities/?commodity=soybeans HTTP/1.1" 200 57740
DEBUG:urllib3.connectionpool:Starting new HTTPS connection (1): www.indexmundi.com:443
DEBUG:urllib3.connectionpool:https://www.indexmundi.com:443 "GET /commodities/?commodity=sunflower-oil HTTP/1.1" 200 57084
DEBUG:urllib3.connectionpool:Starting new HTTPS connection (1): www.indexmundi.com:443
DEBUG:urllib3.connectionpool:https://www.indexmundi.com:443 "GET /commodities/?commodity=coarse-wool HTTP/1.1" 200 56297
DEBUG:urllib3.connectionpool:Starting new HTTPS connection (1): www.indexmundi.com:443
DEBUG:urllib3.connectionpool:https://www.indexmundi.com:443 "GET /commodities/?commodity=copra HTTP/1.1" 200 53074
ERROR:root:20:25:55 Error scraping data for copra: 'NoneType' object has no attribute 'find_all'
DEBUG:urllib3.connectionpool:Starting new HTTPS connection (1): www.indexmundi.com:443
DEBUG:urllib3.connectionpool:https://www.indexmundi.com:443 "GET /commodities/?commodity=cotton HTTP/1.1" 200 58639
DEBUG:urllib3.connectionpool:Starting new HTTPS connection (1): www.indexmundi.com:443
DEBUG:urllib3.connectionpool:https://www.indexmundi.com:443 "GET /commodities/?commodity=fine-wool HTTP/1.1" 200 56266
DEBUG:urllib3.connectionpool:Starting new HTTPS connection (1): www.indexmundi.com:443
DEBUG:urllib3.connectionpool:https://www.indexmundi.com:443 "GET /commodities/?commodity=hard-logs HTTP/1.1" 200 56026
DEBUG:urllib3.connectionpool:Starting new HTTPS connection (1): www.indexmundi.com:443
DEBUG:urllib3.connectionpool:https://www.indexmundi.com:443 "GET /commodities/?commodity=hard-sawn-wood HTTP/1.1" 200 55985
DEBUG:urllib3.connectionpool:Starting new HTTPS connection (1): www.indexmundi.com:443
DEBUG:urllib3.connectionpool:https://www.indexmundi.com:443 "GET /commodities/?commodity=hides HTTP/1.1" 200 56210
DEBUG:urllib3.connectionpool:Starting new HTTPS connection (1): www.indexmundi.com:443
DEBUG:urllib3.connectionpool:https://www.indexmundi.com:443 "GET /commodities/?commodity=plywood HTTP/1.1" 200 56134
DEBUG:urllib3.connectionpool:Starting new HTTPS connection (1): www.indexmundi.com:443
DEBUG:urllib3.connectionpool:https://www.indexmundi.com:443 "GET /commodities/?commodity=random-length-lumber HTTP/1.1" 200 42780
ERROR:root:20:26:18 Error scraping data for random-length-lumber: 'NoneType' object has no attribute 'find_all'
DEBUG:urllib3.connectionpool:Starting new HTTPS connection (1): www.indexmundi.com:443
DEBUG:urllib3.connectionpool:https://www.indexmundi.com:443 "GET /commodities/?commodity=rubber HTTP/1.1" 200 57539
DEBUG:urllib3.connectionpool:Starting new HTTPS connection (1): www.indexmundi.com:443
DEBUG:urllib3.connectionpool:https://www.indexmundi.com:443 "GET /commodities/?commodity=soft-logs HTTP/1.1" 200 55787
DEBUG:urllib3.connectionpool:Starting new HTTPS connection (1): www.indexmundi.com:443
DEBUG:urllib3.connectionpool:https://www.indexmundi.com:443 "GET /commodities/?commodity=soft-sawn-wood HTTP/1.1" 200 55888
DEBUG:urllib3.connectionpool:Starting new HTTPS connection (1): www.indexmundi.com:443
DEBUG:urllib3.connectionpool:https://www.indexmundi.com:443 "GET /commodities/?commodity=wood-pulp HTTP/1.1" 200 53257
ERROR:root:20:26:33 Error scraping data for wood-pulp: 'NoneType' object has no attribute 'find_all'
DEBUG:urllib3.connectionpool:Starting new HTTPS connection (1): www.indexmundi.com:443
DEBUG:urllib3.connectionpool:https://www.indexmundi.com:443 "GET /commodities/?commodity=aluminum HTTP/1.1" 200 58162
DEBUG:urllib3.connectionpool:Starting new HTTPS connection (1): www.indexmundi.com:443
DEBUG:urllib3.connectionpool:https://www.indexmundi.com:443 "GET /commodities/?commodity=cold-rolled-steel HTTP/1.1" 200 53288
ERROR:root:20:26:42 Error scraping data for cold-rolled-steel: 'NoneType' object has no attribute 'find_all'
DEBUG:urllib3.connectionpool:Starting new HTTPS connection (1): www.indexmundi.com:443
DEBUG:urllib3.connectionpool:https://www.indexmundi.com:443 "GET /commodities/?commodity=copper HTTP/1.1" 200 58509
DEBUG:urllib3.connectionpool:Starting new HTTPS connection (1): www.indexmundi.com:443
DEBUG:urllib3.connectionpool:https://www.indexmundi.com:443 "GET /commodities/?commodity=gold HTTP/1.1" 200 57289
DEBUG:urllib3.connectionpool:Starting new HTTPS connection (1): www.indexmundi.com:443
DEBUG:urllib3.connectionpool:https://www.indexmundi.com:443 "GET /commodities/?commodity=hot-rolled-steel HTTP/1.1" 200 53168
ERROR:root:20:26:54 Error scraping data for hot-rolled-steel: 'NoneType' object has no attribute 'find_all'
DEBUG:urllib3.connectionpool:Starting new HTTPS connection (1): www.indexmundi.com:443
DEBUG:urllib3.connectionpool:https://www.indexmundi.com:443 "GET /commodities/?commodity=iron-ore HTTP/1.1" 200 57052
DEBUG:urllib3.connectionpool:Starting new HTTPS connection (1): www.indexmundi.com:443
DEBUG:urllib3.connectionpool:https://www.indexmundi.com:443 "GET /commodities/?commodity=lead HTTP/1.1" 200 58013
DEBUG:urllib3.connectionpool:Starting new HTTPS connection (1): www.indexmundi.com:443
DEBUG:urllib3.connectionpool:https://www.indexmundi.com:443 "GET /commodities/?commodity=nickel HTTP/1.1" 200 57074
DEBUG:urllib3.connectionpool:Starting new HTTPS connection (1): www.indexmundi.com:443
DEBUG:urllib3.connectionpool:https://www.indexmundi.com:443 "GET /commodities/?commodity=palladium HTTP/1.1" 200 42624
ERROR:root:20:27:10 Error scraping data for palladium: 'NoneType' object has no attribute 'find_all'
DEBUG:urllib3.connectionpool:Starting new HTTPS connection (1): www.indexmundi.com:443
DEBUG:urllib3.connectionpool:https://www.indexmundi.com:443 "GET /commodities/?commodity=platinum HTTP/1.1" 200 42631
ERROR:root:20:27:15 Error scraping data for platinum: 'NoneType' object has no attribute 'find_all'
DEBUG:urllib3.connectionpool:Starting new HTTPS connection (1): www.indexmundi.com:443
DEBUG:urllib3.connectionpool:https://www.indexmundi.com:443 "GET /commodities/?commodity=rebar HTTP/1.1" 200 53092
ERROR:root:20:27:18 Error scraping data for rebar: 'NoneType' object has no attribute 'find_all'
DEBUG:urllib3.connectionpool:Starting new HTTPS connection (1): www.indexmundi.com:443
DEBUG:urllib3.connectionpool:https://www.indexmundi.com:443 "GET /commodities/?commodity=silver HTTP/1.1" 200 57411
DEBUG:urllib3.connectionpool:Starting new HTTPS connection (1): www.indexmundi.com:443
DEBUG:urllib3.connectionpool:https://www.indexmundi.com:443 "GET /commodities/?commodity=steel-wire-rod HTTP/1.1" 200 53139
ERROR:root:20:27:26 Error scraping data for steel-wire-rod: 'NoneType' object has no attribute 'find_all'
DEBUG:urllib3.connectionpool:Starting new HTTPS connection (1): www.indexmundi.com:443
DEBUG:urllib3.connectionpool:https://www.indexmundi.com:443 "GET /commodities/?commodity=tin HTTP/1.1" 200 56714
DEBUG:urllib3.connectionpool:Starting new HTTPS connection (1): www.indexmundi.com:443
DEBUG:urllib3.connectionpool:https://www.indexmundi.com:443 "GET /commodities/?commodity=uranium HTTP/1.1" 200 57689
DEBUG:urllib3.connectionpool:Starting new HTTPS connection (1): www.indexmundi.com:443
DEBUG:urllib3.connectionpool:https://www.indexmundi.com:443 "GET /commodities/?commodity=us-midwest-domestic-hot-rolled-coil-steel-index HTTP/1.1" 200 42876
ERROR:root:20:27:39 Error scraping data for us-midwest-domestic-hot-rolled-coil-steel-index: 'NoneType' object has no attribute 'find_all'
DEBUG:urllib3.connectionpool:Starting new HTTPS connection (1): www.indexmundi.com:443
DEBUG:urllib3.connectionpool:https://www.indexmundi.com:443 "GET /commodities/?commodity=zinc HTTP/1.1" 200 58124
DEBUG:urllib3.connectionpool:Starting new HTTPS connection (1): www.indexmundi.com:443
DEBUG:urllib3.connectionpool:https://www.indexmundi.com:443 "GET /commodities/?commodity=dap-fertilizer HTTP/1.1" 200 56188
DEBUG:urllib3.connectionpool:Starting new HTTPS connection (1): www.indexmundi.com:443
DEBUG:urllib3.connectionpool:https://www.indexmundi.com:443 "GET /commodities/?commodity=potassium-chloride HTTP/1.1" 200 56290
DEBUG:urllib3.connectionpool:Starting new HTTPS connection (1): www.indexmundi.com:443
DEBUG:urllib3.connectionpool:https://www.indexmundi.com:443 "GET /commodities/?commodity=rock-phosphate HTTP/1.1" 200 56172
DEBUG:urllib3.connectionpool:Starting new HTTPS connection (1): www.indexmundi.com:443
DEBUG:urllib3.connectionpool:https://www.indexmundi.com:443 "GET /commodities/?commodity=triple-superphosphate HTTP/1.1" 200 56400
DEBUG:urllib3.connectionpool:Starting new HTTPS connection (1): www.indexmundi.com:443
DEBUG:urllib3.connectionpool:https://www.indexmundi.com:443 "GET /commodities/?commodity=urea HTTP/1.1" 200 56067
DEBUG:urllib3.connectionpool:Starting new HTTPS connection (1): www.indexmundi.com:443
DEBUG:urllib3.connectionpool:https://www.indexmundi.com:443 "GET /commodities/?commodity=feeder-cattle HTTP/1.1" 200 42699
ERROR:root:20:28:04 Error scraping data for feeder-cattle: 'NoneType' object has no attribute 'find_all'
DEBUG:urllib3.connectionpool:Starting new HTTPS connection (1): www.indexmundi.com:443
DEBUG:urllib3.connectionpool:https://www.indexmundi.com:443 "GET /commodities/?commodity=live-cattle HTTP/1.1" 200 42684
ERROR:root:20:28:08 Error scraping data for live-cattle: 'NoneType' object has no attribute 'find_all'
DEBUG:urllib3.connectionpool:Starting new HTTPS connection (1): www.indexmundi.com:443
DEBUG:urllib3.connectionpool:https://www.indexmundi.com:443 "GET /commodities/?commodity=cash-settled-butter HTTP/1.1" 200 42736
ERROR:root:20:28:12 Error scraping data for cash-settled-butter: 'NoneType' object has no attribute 'find_all'
DEBUG:urllib3.connectionpool:Starting new HTTPS connection (1): www.indexmundi.com:443
DEBUG:urllib3.connectionpool:https://www.indexmundi.com:443 "GET /commodities/?commodity=cheese HTTP/1.1" 200 42622
ERROR:root:20:28:15 Error scraping data for cheese: 'NoneType' object has no attribute 'find_all'
DEBUG:urllib3.connectionpool:Starting new HTTPS connection (1): www.indexmundi.com:443
DEBUG:urllib3.connectionpool:https://www.indexmundi.com:443 "GET /commodities/?commodity=class-iii-milk HTTP/1.1" 200 42702
ERROR:root:20:28:19 Error scraping data for class-iii-milk: 'NoneType' object has no attribute 'find_all'
DEBUG:urllib3.connectionpool:Starting new HTTPS connection (1): www.indexmundi.com:443
DEBUG:urllib3.connectionpool:https://www.indexmundi.com:443 "GET /commodities/?commodity=class-iv-milk HTTP/1.1" 200 42683
ERROR:root:20:28:24 Error scraping data for class-iv-milk: 'NoneType' object has no attribute 'find_all'
DEBUG:urllib3.connectionpool:Starting new HTTPS connection (1): www.indexmundi.com:443
DEBUG:urllib3.connectionpool:https://www.indexmundi.com:443 "GET /commodities/?commodity=dry-whey HTTP/1.1" 200 42630
ERROR:root:20:28:28 Error scraping data for dry-whey: 'NoneType' object has no attribute 'find_all'
DEBUG:urllib3.connectionpool:Starting new HTTPS connection (1): www.indexmundi.com:443
DEBUG:urllib3.connectionpool:https://www.indexmundi.com:443 "GET /commodities/?commodity=international-skimmed-milk-powder HTTP/1.1" 200 41462
ERROR:root:20:28:32 Error scraping data for international-skimmed-milk-powder: 'NoneType' object has no attribute 'find_all'
DEBUG:urllib3.connectionpool:Starting new HTTPS connection (1): www.indexmundi.com:443
DEBUG:urllib3.connectionpool:https://www.indexmundi.com:443 "GET /commodities/?commodity=nonfat-dry-milk HTTP/1.1" 200 42704
ERROR:root:20:28:35 Error scraping data for nonfat-dry-milk: 'NoneType' object has no attribute 'find_all'
DEBUG:urllib3.connectionpool:Starting new HTTPS connection (1): www.indexmundi.com:443
DEBUG:urllib3.connectionpool:https://www.indexmundi.com:443 "GET /commodities/?commodity=agricultural-raw-materials-price-index HTTP/1.1" 200 48661
DEBUG:urllib3.connectionpool:Starting new HTTPS connection (1): www.indexmundi.com:443
DEBUG:urllib3.connectionpool:https://www.indexmundi.com:443 "GET /commodities/?commodity=beverage-price-index HTTP/1.1" 200 48189
DEBUG:urllib3.connectionpool:Starting new HTTPS connection (1): www.indexmundi.com:443
DEBUG:urllib3.connectionpool:https://www.indexmundi.com:443 "GET /commodities/?commodity=commodity-price-index HTTP/1.1" 200 47958
DEBUG:urllib3.connectionpool:Starting new HTTPS connection (1): www.indexmundi.com:443
DEBUG:urllib3.connectionpool:https://www.indexmundi.com:443 "GET /commodities/?commodity=energy-price-index HTTP/1.1" 200 48197
DEBUG:urllib3.connectionpool:Starting new HTTPS connection (1): www.indexmundi.com:443
DEBUG:urllib3.connectionpool:https://www.indexmundi.com:443 "GET /commodities/?commodity=food-and-beverage-price-index HTTP/1.1" 200 48047
DEBUG:urllib3.connectionpool:Starting new HTTPS connection (1): www.indexmundi.com:443
DEBUG:urllib3.connectionpool:https://www.indexmundi.com:443 "GET /commodities/?commodity=food-price-index HTTP/1.1" 200 48293
DEBUG:urllib3.connectionpool:Starting new HTTPS connection (1): www.indexmundi.com:443
DEBUG:urllib3.connectionpool:https://www.indexmundi.com:443 "GET /commodities/?commodity=industrial-inputs-price-index HTTP/1.1" 200 48181
DEBUG:urllib3.connectionpool:Starting new HTTPS connection (1): www.indexmundi.com:443
DEBUG:urllib3.connectionpool:https://www.indexmundi.com:443 "GET /commodities/?commodity=metals-price-index HTTP/1.1" 200 48331
DEBUG:urllib3.connectionpool:Starting new HTTPS connection (1): www.indexmundi.com:443
DEBUG:urllib3.connectionpool:https://www.indexmundi.com:443 "GET /commodities/?commodity=non-fuel-price-index HTTP/1.1" 200 48348
DEBUG:urllib3.connectionpool:Starting new HTTPS connection (1): www.indexmundi.com:443
DEBUG:urllib3.connectionpool:https://www.indexmundi.com:443 "GET /commodities/?commodity=petroleum-price-index HTTP/1.1" 200 47972
DEBUG:urllib3.connectionpool:Starting new HTTPS connection (1): www.indexmundi.com:443
DEBUG:urllib3.connectionpool:https://www.indexmundi.com:443 "GET /commodities/?commodity=coal-australian HTTP/1.1" 200 57492
DEBUG:urllib3.connectionpool:Starting new HTTPS connection (1): www.indexmundi.com:443
DEBUG:urllib3.connectionpool:https://www.indexmundi.com:443 "GET /commodities/?commodity=coal-south-african HTTP/1.1" 200 57620
DEBUG:urllib3.connectionpool:Starting new HTTPS connection (1): www.indexmundi.com:443
DEBUG:urllib3.connectionpool:https://www.indexmundi.com:443 "GET /commodities/?commodity=crude-oil HTTP/1.1" 200 57066
DEBUG:urllib3.connectionpool:Starting new HTTPS connection (1): www.indexmundi.com:443
DEBUG:urllib3.connectionpool:https://www.indexmundi.com:443 "GET /commodities/?commodity=crude-oil-brent HTTP/1.1" 200 57542
DEBUG:urllib3.connectionpool:Starting new HTTPS connection (1): www.indexmundi.com:443
DEBUG:urllib3.connectionpool:https://www.indexmundi.com:443 "GET /commodities/?commodity=crude-oil-dubai HTTP/1.1" 200 57333
DEBUG:urllib3.connectionpool:Starting new HTTPS connection (1): www.indexmundi.com:443
DEBUG:urllib3.connectionpool:https://www.indexmundi.com:443 "GET /commodities/?commodity=crude-oil-west-texas-intermediate HTTP/1.1" 200 59280
DEBUG:urllib3.connectionpool:Starting new HTTPS connection (1): www.indexmundi.com:443
DEBUG:urllib3.connectionpool:https://www.indexmundi.com:443 "GET /commodities/?commodity=diesel HTTP/1.1" 200 56966
DEBUG:urllib3.connectionpool:Starting new HTTPS connection (1): www.indexmundi.com:443
DEBUG:urllib3.connectionpool:https://www.indexmundi.com:443 "GET /commodities/?commodity=gasoline HTTP/1.1" 200 56296
DEBUG:urllib3.connectionpool:Starting new HTTPS connection (1): www.indexmundi.com:443
DEBUG:urllib3.connectionpool:https://www.indexmundi.com:443 "GET /commodities/?commodity=heating-oil HTTP/1.1" 200 56338
DEBUG:urllib3.connectionpool:Starting new HTTPS connection (1): www.indexmundi.com:443
DEBUG:urllib3.connectionpool:https://www.indexmundi.com:443 "GET /commodities/?commodity=indonesian-liquified-natural-gas HTTP/1.1" 200 57588
DEBUG:urllib3.connectionpool:Starting new HTTPS connection (1): www.indexmundi.com:443
DEBUG:urllib3.connectionpool:https://www.indexmundi.com:443 "GET /commodities/?commodity=jet-fuel HTTP/1.1" 200 56284
DEBUG:urllib3.connectionpool:Starting new HTTPS connection (1): www.indexmundi.com:443
DEBUG:urllib3.connectionpool:https://www.indexmundi.com:443 "GET /commodities/?commodity=natural-gas HTTP/1.1" 200 58493
DEBUG:urllib3.connectionpool:Starting new HTTPS connection (1): www.indexmundi.com:443
DEBUG:urllib3.connectionpool:https://www.indexmundi.com:443 "GET /commodities/?commodity=propane HTTP/1.1" 200 56229
DEBUG:urllib3.connectionpool:Starting new HTTPS connection (1): www.indexmundi.com:443
DEBUG:urllib3.connectionpool:https://www.indexmundi.com:443 "GET /commodities/?commodity=rbob-gasoline HTTP/1.1" 200 57757
DEBUG:urllib3.connectionpool:Starting new HTTPS connection (1): www.indexmundi.com:443
DEBUG:urllib3.connectionpool:https://www.indexmundi.com:443 "GET /commodities/?commodity=russian-natural-gas HTTP/1.1" 200 57408
DEBUG:urllib3.connectionpool:Starting new HTTPS connection (1): www.indexmundi.com:443
DEBUG:urllib3.connectionpool:https://www.indexmundi.com:443 "GET /commodities/?commodity=cocoa-beans HTTP/1.1" 200 58234
DEBUG:urllib3.connectionpool:Starting new HTTPS connection (1): www.indexmundi.com:443
DEBUG:urllib3.connectionpool:https://www.indexmundi.com:443 "GET /commodities/?commodity=other-mild-arabicas-coffee HTTP/1.1" 200 59116
DEBUG:urllib3.connectionpool:Starting new HTTPS connection (1): www.indexmundi.com:443
DEBUG:urllib3.connectionpool:https://www.indexmundi.com:443 "GET /commodities/?commodity=robusta-coffee HTTP/1.1" 200 57228
DEBUG:urllib3.connectionpool:Starting new HTTPS connection (1): www.indexmundi.com:443
DEBUG:urllib3.connectionpool:https://www.indexmundi.com:443 "GET /commodities/?commodity=tea HTTP/1.1" 200 56742
DEBUG:urllib3.connectionpool:Starting new HTTPS connection (1): www.indexmundi.com:443
DEBUG:urllib3.connectionpool:https://www.indexmundi.com:443 "GET /commodities/?commodity=barley HTTP/1.1" 200 53982
ERROR:root:20:30:27 Error scraping data for barley: 'NoneType' object has no attribute 'find_all'
DEBUG:urllib3.connectionpool:Starting new HTTPS connection (1): www.indexmundi.com:443
DEBUG:urllib3.connectionpool:https://www.indexmundi.com:443 "GET /commodities/?commodity=canadian-wheat HTTP/1.1" 200 53173
ERROR:root:20:30:30 Error scraping data for canadian-wheat: 'NoneType' object has no attribute 'find_all'
DEBUG:urllib3.connectionpool:Starting new HTTPS connection (1): www.indexmundi.com:443
DEBUG:urllib3.connectionpool:https://www.indexmundi.com:443 "GET /commodities/?commodity=corn HTTP/1.1" 200 57722
DEBUG:urllib3.connectionpool:Starting new HTTPS connection (1): www.indexmundi.com:443
DEBUG:urllib3.connectionpool:https://www.indexmundi.com:443 "GET /commodities/?commodity=rice HTTP/1.1" 200 56983
DEBUG:urllib3.connectionpool:Starting new HTTPS connection (1): www.indexmundi.com:443
DEBUG:urllib3.connectionpool:https://www.indexmundi.com:443 "GET /commodities/?commodity=soft-red-winter-wheat HTTP/1.1" 200 56821
DEBUG:urllib3.connectionpool:Starting new HTTPS connection (1): www.indexmundi.com:443
DEBUG:urllib3.connectionpool:https://www.indexmundi.com:443 "GET /commodities/?commodity=sorghum HTTP/1.1" 200 53090
ERROR:root:20:30:44 Error scraping data for sorghum: 'NoneType' object has no attribute 'find_all'
